INFO  [2013-11-07 07:11:56,724] org.reflections.Reflections: Reflections took 67 ms to scan 1 urls, producing 2 keys and 2 values 
DEBUG [2013-11-07 07:11:56,728] edu.sjsu.cmpe.procurement.ProcurementService: 04607
DEBUG [2013-11-07 07:11:56,728] edu.sjsu.cmpe.procurement.ProcurementService: 04607
WARN  [2013-11-07 07:11:56,746] com.yammer.dropwizard.config.ServerFactory: 
!!!!!!!!!!!!!!!!!!!!!!!!!!!!!!!!!!!!!!!!!!!!!!!!!!!!!!!!!!!!!!!!!!!!!!!!!!!!!!!!
!!!!!!!!!!!!!!!!!!!!!!!!!!!!!!!!!!!!!!!!!!!!!!!!!!!!!!!!!!!!!!!!!!!!!!!!!!!!!!!!
!    THIS SERVICE HAS NO HEALTHCHECKS. THIS MEANS YOU WILL NEVER KNOW IF IT    !
!    DIES IN PRODUCTION, WHICH MEANS YOU WILL NEVER KNOW IF YOU'RE LETTING     !
!     YOUR USERS DOWN. YOU SHOULD ADD A HEALTHCHECK FOR EACH DEPENDENCY OF     !
!     YOUR SERVICE WHICH FULLY (BUT LIGHTLY) TESTS YOUR SERVICE'S ABILITY TO   !
!      USE THAT SERVICE. THINK OF IT AS A CONTINUOUS INTEGRATION TEST.         !
!!!!!!!!!!!!!!!!!!!!!!!!!!!!!!!!!!!!!!!!!!!!!!!!!!!!!!!!!!!!!!!!!!!!!!!!!!!!!!!!
!!!!!!!!!!!!!!!!!!!!!!!!!!!!!!!!!!!!!!!!!!!!!!!!!!!!!!!!!!!!!!!!!!!!!!!!!!!!!!!!
INFO  [2013-11-07 07:11:56,831] com.yammer.dropwizard.cli.ServerCommand: Starting procurement-service
INFO  [2013-11-07 07:11:56,834] org.eclipse.jetty.server.Server: jetty-8.1.10.v20130312
INFO  [2013-11-07 07:11:56,943] com.sun.jersey.server.impl.application.WebApplicationImpl: Initiating Jersey application, version 'Jersey: 1.17.1 02/28/2013 12:47 PM'
INFO  [2013-11-07 07:11:57,001] com.yammer.dropwizard.config.Environment: The following paths were found for the configured resources:


INFO  [2013-11-07 07:11:57,001] com.yammer.dropwizard.config.Environment: tasks = 

    POST    /tasks/gc (com.yammer.dropwizard.tasks.GarbageCollectionTask)

ERROR [2013-11-07 07:11:57,170] com.sun.jersey.server.impl.application.RootResourceUriRules: The ResourceConfig instance does not contain any root resource classes.
WARN  [2013-11-07 07:11:57,175] /: unavailable
! com.sun.jersey.api.container.ContainerException: The ResourceConfig instance does not contain any root resource classes.
! at com.sun.jersey.server.impl.application.RootResourceUriRules.<init>(RootResourceUriRules.java:99) ~[jersey-server-1.17.1.jar:1.17.1]
! at com.sun.jersey.server.impl.application.WebApplicationImpl._initiate(WebApplicationImpl.java:1331) ~[jersey-server-1.17.1.jar:1.17.1]
! at com.sun.jersey.server.impl.application.WebApplicationImpl.access$700(WebApplicationImpl.java:168) ~[jersey-server-1.17.1.jar:1.17.1]
! at com.sun.jersey.server.impl.application.WebApplicationImpl$13.f(WebApplicationImpl.java:774) ~[jersey-server-1.17.1.jar:1.17.1]
! at com.sun.jersey.server.impl.application.WebApplicationImpl$13.f(WebApplicationImpl.java:770) ~[jersey-server-1.17.1.jar:1.17.1]
! at com.sun.jersey.spi.inject.Errors.processWithErrors(Errors.java:193) ~[jersey-core-1.17.1.jar:1.17.1]
! at com.sun.jersey.server.impl.application.WebApplicationImpl.initiate(WebApplicationImpl.java:770) ~[jersey-server-1.17.1.jar:1.17.1]
! at com.sun.jersey.server.impl.application.WebApplicationImpl.initiate(WebApplicationImpl.java:765) ~[jersey-server-1.17.1.jar:1.17.1]
! at com.sun.jersey.spi.container.servlet.ServletContainer.initiate(ServletContainer.java:489) ~[jersey-servlet-1.17.1.jar:1.17.1]
! at com.sun.jersey.spi.container.servlet.ServletContainer$InternalWebComponent.initiate(ServletContainer.java:319) ~[jersey-servlet-1.17.1.jar:1.17.1]
! at com.sun.jersey.spi.container.servlet.WebComponent.load(WebComponent.java:605) ~[jersey-servlet-1.17.1.jar:1.17.1]
! at com.sun.jersey.spi.container.servlet.WebComponent.init(WebComponent.java:210) ~[jersey-servlet-1.17.1.jar:1.17.1]
! at com.sun.jersey.spi.container.servlet.ServletContainer.init(ServletContainer.java:374) ~[jersey-servlet-1.17.1.jar:1.17.1]
! at com.sun.jersey.spi.container.servlet.ServletContainer.init(ServletContainer.java:557) ~[jersey-servlet-1.17.1.jar:1.17.1]
! at javax.servlet.GenericServlet.init(GenericServlet.java:244) ~[javax.servlet-3.0.0.v201112011016.jar:na]
! at org.eclipse.jetty.servlet.ServletHolder.initServlet(ServletHolder.java:519) ~[jetty-servlet-8.1.10.v20130312.jar:8.1.10.v20130312]
! at org.eclipse.jetty.servlet.ServletHolder.doStart(ServletHolder.java:331) ~[jetty-servlet-8.1.10.v20130312.jar:8.1.10.v20130312]
! at org.eclipse.jetty.util.component.AbstractLifeCycle.start(AbstractLifeCycle.java:64) ~[jetty-util-8.1.10.v20130312.jar:8.1.10.v20130312]
! at org.eclipse.jetty.servlet.ServletHandler.initialize(ServletHandler.java:742) ~[jetty-servlet-8.1.10.v20130312.jar:8.1.10.v20130312]
! at org.eclipse.jetty.servlet.ServletContextHandler.startContext(ServletContextHandler.java:265) ~[jetty-servlet-8.1.10.v20130312.jar:8.1.10.v20130312]
! at org.eclipse.jetty.server.handler.ContextHandler.doStart(ContextHandler.java:710) ~[jetty-server-8.1.10.v20130312.jar:8.1.10.v20130312]
! at org.eclipse.jetty.util.component.AbstractLifeCycle.start(AbstractLifeCycle.java:64) ~[jetty-util-8.1.10.v20130312.jar:8.1.10.v20130312]
! at org.eclipse.jetty.server.handler.HandlerWrapper.doStart(HandlerWrapper.java:95) ~[jetty-server-8.1.10.v20130312.jar:8.1.10.v20130312]
! at org.eclipse.jetty.util.component.AbstractLifeCycle.start(AbstractLifeCycle.java:64) ~[jetty-util-8.1.10.v20130312.jar:8.1.10.v20130312]
! at org.eclipse.jetty.server.handler.HandlerWrapper.doStart(HandlerWrapper.java:95) ~[jetty-server-8.1.10.v20130312.jar:8.1.10.v20130312]
! at org.eclipse.jetty.util.component.AbstractLifeCycle.start(AbstractLifeCycle.java:64) ~[jetty-util-8.1.10.v20130312.jar:8.1.10.v20130312]
! at org.eclipse.jetty.server.handler.HandlerCollection.doStart(HandlerCollection.java:229) ~[jetty-server-8.1.10.v20130312.jar:8.1.10.v20130312]
! at org.eclipse.jetty.util.component.AbstractLifeCycle.start(AbstractLifeCycle.java:64) ~[jetty-util-8.1.10.v20130312.jar:8.1.10.v20130312]
! at org.eclipse.jetty.server.handler.HandlerWrapper.doStart(HandlerWrapper.java:95) ~[jetty-server-8.1.10.v20130312.jar:8.1.10.v20130312]
! at org.eclipse.jetty.server.Server.doStart(Server.java:280) ~[jetty-server-8.1.10.v20130312.jar:8.1.10.v20130312]
! at org.eclipse.jetty.util.component.AbstractLifeCycle.start(AbstractLifeCycle.java:64) ~[jetty-util-8.1.10.v20130312.jar:8.1.10.v20130312]
! at com.yammer.dropwizard.cli.ServerCommand.run(ServerCommand.java:48) ~[dropwizard-core-0.6.2.jar:na]
! at com.yammer.dropwizard.cli.EnvironmentCommand.run(EnvironmentCommand.java:39) ~[dropwizard-core-0.6.2.jar:na]
! at com.yammer.dropwizard.cli.ConfiguredCommand.run(ConfiguredCommand.java:58) ~[dropwizard-core-0.6.2.jar:na]
! at com.yammer.dropwizard.cli.Cli.run(Cli.java:53) ~[dropwizard-core-0.6.2.jar:na]
! at com.yammer.dropwizard.Service.run(Service.java:61) ~[dropwizard-core-0.6.2.jar:na]
! at edu.sjsu.cmpe.procurement.ProcurementService.main(ProcurementService.java:21) ~[classes/:na]
INFO  [2013-11-07 07:11:57,223] org.quartz.impl.StdSchedulerFactory: Using default implementation for ThreadExecutor
INFO  [2013-11-07 07:11:57,228] org.quartz.simpl.SimpleThreadPool: Job execution threads will use class loader of thread: main
INFO  [2013-11-07 07:11:57,249] org.quartz.core.SchedulerSignalerImpl: Initialized Scheduler Signaller of type: class org.quartz.core.SchedulerSignalerImpl
INFO  [2013-11-07 07:11:57,250] org.quartz.core.QuartzScheduler: Quartz Scheduler v.2.2.0 created.
INFO  [2013-11-07 07:11:57,251] org.quartz.simpl.RAMJobStore: RAMJobStore initialized.
INFO  [2013-11-07 07:11:57,252] org.quartz.core.QuartzScheduler: Scheduler meta-data: Quartz Scheduler (v2.2.0) 'DefaultQuartzScheduler' with instanceId 'NON_CLUSTERED'
  Scheduler class: 'org.quartz.core.QuartzScheduler' - running locally.
  NOT STARTED.
  Currently in standby mode.
  Number of jobs executed: 0
  Using thread pool 'org.quartz.simpl.SimpleThreadPool' - with 10 threads.
  Using job-store 'org.quartz.simpl.RAMJobStore' - which does not support persistence. and is not clustered.

INFO  [2013-11-07 07:11:57,252] org.quartz.impl.StdSchedulerFactory: Quartz scheduler 'DefaultQuartzScheduler' initialized from default resource file in Quartz package: 'quartz.properties'
INFO  [2013-11-07 07:11:57,252] org.quartz.impl.StdSchedulerFactory: Quartz scheduler version: 2.2.0
INFO  [2013-11-07 07:11:57,253] org.quartz.core.QuartzScheduler: Scheduler DefaultQuartzScheduler_$_NON_CLUSTERED started.
INFO  [2013-11-07 07:11:57,257] de.spinscale.dropwizard.jobs.JobManager: Jobs to run on application start: []
INFO  [2013-11-07 07:11:57,257] de.spinscale.dropwizard.jobs.JobManager: Jobs with @Every annotation: [class edu.sjsu.cmpe.procurement.domain.EveryTestJob]
INFO  [2013-11-07 07:11:57,271] de.spinscale.dropwizard.jobs.JobManager: Jobs with @On annotation: []
INFO  [2013-11-07 07:11:57,285] org.eclipse.jetty.server.AbstractConnector: Started InstrumentedBlockingChannelConnector@0.0.0.0:8080
INFO  [2013-11-07 07:11:57,307] org.eclipse.jetty.server.AbstractConnector: Started SocketConnector@0.0.0.0:9000
INFO  [2013-11-07 07:12:32,927] org.eclipse.jetty.server.Server: Graceful shutdown SocketConnector@0.0.0.0:9000
INFO  [2013-11-07 07:12:32,928] org.eclipse.jetty.server.Server: Graceful shutdown InstrumentedBlockingChannelConnector@0.0.0.0:8080
INFO  [2013-11-07 07:12:32,930] org.eclipse.jetty.server.Server: Graceful shutdown o.e.j.s.ServletContextHandler{/,null}
INFO  [2013-11-07 07:12:32,930] org.eclipse.jetty.server.Server: Graceful shutdown o.e.j.s.ServletContextHandler{/,file:/Users/malik/Documents/Projects/Git/cmpe273-assignment2/procurement-service/target/classes/}
INFO  [2013-11-07 07:12:34,985] org.eclipse.jetty.server.handler.ContextHandler: stopped o.e.j.s.ServletContextHandler{/,file:/Users/malik/Documents/Projects/Git/cmpe273-assignment2/procurement-service/target/classes/}
INFO  [2013-11-07 07:12:34,985] org.eclipse.jetty.server.handler.ContextHandler: stopped o.e.j.s.ServletContextHandler{/,null}
INFO  [2013-11-07 07:12:35,087] org.quartz.core.QuartzScheduler: Scheduler DefaultQuartzScheduler_$_NON_CLUSTERED shutting down.
INFO  [2013-11-07 07:12:35,087] org.quartz.core.QuartzScheduler: Scheduler DefaultQuartzScheduler_$_NON_CLUSTERED paused.
INFO  [2013-11-07 07:12:35,535] org.quartz.core.QuartzScheduler: Scheduler DefaultQuartzScheduler_$_NON_CLUSTERED shutdown complete.
INFO  [2013-11-07 07:13:10,245] org.reflections.Reflections: Reflections took 51 ms to scan 1 urls, producing 2 keys and 2 values 
DEBUG [2013-11-07 07:13:10,249] edu.sjsu.cmpe.procurement.ProcurementService: 04607
DEBUG [2013-11-07 07:13:10,249] edu.sjsu.cmpe.procurement.ProcurementService: 04607
WARN  [2013-11-07 07:13:10,261] com.yammer.dropwizard.config.ServerFactory: 
!!!!!!!!!!!!!!!!!!!!!!!!!!!!!!!!!!!!!!!!!!!!!!!!!!!!!!!!!!!!!!!!!!!!!!!!!!!!!!!!
!!!!!!!!!!!!!!!!!!!!!!!!!!!!!!!!!!!!!!!!!!!!!!!!!!!!!!!!!!!!!!!!!!!!!!!!!!!!!!!!
!    THIS SERVICE HAS NO HEALTHCHECKS. THIS MEANS YOU WILL NEVER KNOW IF IT    !
!    DIES IN PRODUCTION, WHICH MEANS YOU WILL NEVER KNOW IF YOU'RE LETTING     !
!     YOUR USERS DOWN. YOU SHOULD ADD A HEALTHCHECK FOR EACH DEPENDENCY OF     !
!     YOUR SERVICE WHICH FULLY (BUT LIGHTLY) TESTS YOUR SERVICE'S ABILITY TO   !
!      USE THAT SERVICE. THINK OF IT AS A CONTINUOUS INTEGRATION TEST.         !
!!!!!!!!!!!!!!!!!!!!!!!!!!!!!!!!!!!!!!!!!!!!!!!!!!!!!!!!!!!!!!!!!!!!!!!!!!!!!!!!
!!!!!!!!!!!!!!!!!!!!!!!!!!!!!!!!!!!!!!!!!!!!!!!!!!!!!!!!!!!!!!!!!!!!!!!!!!!!!!!!
INFO  [2013-11-07 07:13:10,342] com.yammer.dropwizard.cli.ServerCommand: Starting procurement-service
INFO  [2013-11-07 07:13:10,344] org.eclipse.jetty.server.Server: jetty-8.1.10.v20130312
INFO  [2013-11-07 07:13:10,448] com.sun.jersey.server.impl.application.WebApplicationImpl: Initiating Jersey application, version 'Jersey: 1.17.1 02/28/2013 12:47 PM'
INFO  [2013-11-07 07:13:10,505] com.yammer.dropwizard.config.Environment: The following paths were found for the configured resources:


INFO  [2013-11-07 07:13:10,505] com.yammer.dropwizard.config.Environment: tasks = 

    POST    /tasks/gc (com.yammer.dropwizard.tasks.GarbageCollectionTask)

ERROR [2013-11-07 07:13:10,666] com.sun.jersey.server.impl.application.RootResourceUriRules: The ResourceConfig instance does not contain any root resource classes.
WARN  [2013-11-07 07:13:10,672] /: unavailable
! com.sun.jersey.api.container.ContainerException: The ResourceConfig instance does not contain any root resource classes.
! at com.sun.jersey.server.impl.application.RootResourceUriRules.<init>(RootResourceUriRules.java:99) ~[jersey-server-1.17.1.jar:1.17.1]
! at com.sun.jersey.server.impl.application.WebApplicationImpl._initiate(WebApplicationImpl.java:1331) ~[jersey-server-1.17.1.jar:1.17.1]
! at com.sun.jersey.server.impl.application.WebApplicationImpl.access$700(WebApplicationImpl.java:168) ~[jersey-server-1.17.1.jar:1.17.1]
! at com.sun.jersey.server.impl.application.WebApplicationImpl$13.f(WebApplicationImpl.java:774) ~[jersey-server-1.17.1.jar:1.17.1]
! at com.sun.jersey.server.impl.application.WebApplicationImpl$13.f(WebApplicationImpl.java:770) ~[jersey-server-1.17.1.jar:1.17.1]
! at com.sun.jersey.spi.inject.Errors.processWithErrors(Errors.java:193) ~[jersey-core-1.17.1.jar:1.17.1]
! at com.sun.jersey.server.impl.application.WebApplicationImpl.initiate(WebApplicationImpl.java:770) ~[jersey-server-1.17.1.jar:1.17.1]
! at com.sun.jersey.server.impl.application.WebApplicationImpl.initiate(WebApplicationImpl.java:765) ~[jersey-server-1.17.1.jar:1.17.1]
! at com.sun.jersey.spi.container.servlet.ServletContainer.initiate(ServletContainer.java:489) ~[jersey-servlet-1.17.1.jar:1.17.1]
! at com.sun.jersey.spi.container.servlet.ServletContainer$InternalWebComponent.initiate(ServletContainer.java:319) ~[jersey-servlet-1.17.1.jar:1.17.1]
! at com.sun.jersey.spi.container.servlet.WebComponent.load(WebComponent.java:605) ~[jersey-servlet-1.17.1.jar:1.17.1]
! at com.sun.jersey.spi.container.servlet.WebComponent.init(WebComponent.java:210) ~[jersey-servlet-1.17.1.jar:1.17.1]
! at com.sun.jersey.spi.container.servlet.ServletContainer.init(ServletContainer.java:374) ~[jersey-servlet-1.17.1.jar:1.17.1]
! at com.sun.jersey.spi.container.servlet.ServletContainer.init(ServletContainer.java:557) ~[jersey-servlet-1.17.1.jar:1.17.1]
! at javax.servlet.GenericServlet.init(GenericServlet.java:244) ~[javax.servlet-3.0.0.v201112011016.jar:na]
! at org.eclipse.jetty.servlet.ServletHolder.initServlet(ServletHolder.java:519) ~[jetty-servlet-8.1.10.v20130312.jar:8.1.10.v20130312]
! at org.eclipse.jetty.servlet.ServletHolder.doStart(ServletHolder.java:331) ~[jetty-servlet-8.1.10.v20130312.jar:8.1.10.v20130312]
! at org.eclipse.jetty.util.component.AbstractLifeCycle.start(AbstractLifeCycle.java:64) ~[jetty-util-8.1.10.v20130312.jar:8.1.10.v20130312]
! at org.eclipse.jetty.servlet.ServletHandler.initialize(ServletHandler.java:742) ~[jetty-servlet-8.1.10.v20130312.jar:8.1.10.v20130312]
! at org.eclipse.jetty.servlet.ServletContextHandler.startContext(ServletContextHandler.java:265) ~[jetty-servlet-8.1.10.v20130312.jar:8.1.10.v20130312]
! at org.eclipse.jetty.server.handler.ContextHandler.doStart(ContextHandler.java:710) ~[jetty-server-8.1.10.v20130312.jar:8.1.10.v20130312]
! at org.eclipse.jetty.util.component.AbstractLifeCycle.start(AbstractLifeCycle.java:64) ~[jetty-util-8.1.10.v20130312.jar:8.1.10.v20130312]
! at org.eclipse.jetty.server.handler.HandlerWrapper.doStart(HandlerWrapper.java:95) ~[jetty-server-8.1.10.v20130312.jar:8.1.10.v20130312]
! at org.eclipse.jetty.util.component.AbstractLifeCycle.start(AbstractLifeCycle.java:64) ~[jetty-util-8.1.10.v20130312.jar:8.1.10.v20130312]
! at org.eclipse.jetty.server.handler.HandlerWrapper.doStart(HandlerWrapper.java:95) ~[jetty-server-8.1.10.v20130312.jar:8.1.10.v20130312]
! at org.eclipse.jetty.util.component.AbstractLifeCycle.start(AbstractLifeCycle.java:64) ~[jetty-util-8.1.10.v20130312.jar:8.1.10.v20130312]
! at org.eclipse.jetty.server.handler.HandlerCollection.doStart(HandlerCollection.java:229) ~[jetty-server-8.1.10.v20130312.jar:8.1.10.v20130312]
! at org.eclipse.jetty.util.component.AbstractLifeCycle.start(AbstractLifeCycle.java:64) ~[jetty-util-8.1.10.v20130312.jar:8.1.10.v20130312]
! at org.eclipse.jetty.server.handler.HandlerWrapper.doStart(HandlerWrapper.java:95) ~[jetty-server-8.1.10.v20130312.jar:8.1.10.v20130312]
! at org.eclipse.jetty.server.Server.doStart(Server.java:280) ~[jetty-server-8.1.10.v20130312.jar:8.1.10.v20130312]
! at org.eclipse.jetty.util.component.AbstractLifeCycle.start(AbstractLifeCycle.java:64) ~[jetty-util-8.1.10.v20130312.jar:8.1.10.v20130312]
! at com.yammer.dropwizard.cli.ServerCommand.run(ServerCommand.java:48) ~[dropwizard-core-0.6.2.jar:na]
! at com.yammer.dropwizard.cli.EnvironmentCommand.run(EnvironmentCommand.java:39) ~[dropwizard-core-0.6.2.jar:na]
! at com.yammer.dropwizard.cli.ConfiguredCommand.run(ConfiguredCommand.java:58) ~[dropwizard-core-0.6.2.jar:na]
! at com.yammer.dropwizard.cli.Cli.run(Cli.java:53) ~[dropwizard-core-0.6.2.jar:na]
! at com.yammer.dropwizard.Service.run(Service.java:61) ~[dropwizard-core-0.6.2.jar:na]
! at edu.sjsu.cmpe.procurement.ProcurementService.main(ProcurementService.java:21) ~[classes/:na]
INFO  [2013-11-07 07:13:10,718] org.quartz.impl.StdSchedulerFactory: Using default implementation for ThreadExecutor
INFO  [2013-11-07 07:13:10,721] org.quartz.simpl.SimpleThreadPool: Job execution threads will use class loader of thread: main
INFO  [2013-11-07 07:13:10,743] org.quartz.core.SchedulerSignalerImpl: Initialized Scheduler Signaller of type: class org.quartz.core.SchedulerSignalerImpl
INFO  [2013-11-07 07:13:10,746] org.quartz.core.QuartzScheduler: Quartz Scheduler v.2.2.0 created.
INFO  [2013-11-07 07:13:10,747] org.quartz.simpl.RAMJobStore: RAMJobStore initialized.
INFO  [2013-11-07 07:13:10,748] org.quartz.core.QuartzScheduler: Scheduler meta-data: Quartz Scheduler (v2.2.0) 'DefaultQuartzScheduler' with instanceId 'NON_CLUSTERED'
  Scheduler class: 'org.quartz.core.QuartzScheduler' - running locally.
  NOT STARTED.
  Currently in standby mode.
  Number of jobs executed: 0
  Using thread pool 'org.quartz.simpl.SimpleThreadPool' - with 10 threads.
  Using job-store 'org.quartz.simpl.RAMJobStore' - which does not support persistence. and is not clustered.

INFO  [2013-11-07 07:13:10,748] org.quartz.impl.StdSchedulerFactory: Quartz scheduler 'DefaultQuartzScheduler' initialized from default resource file in Quartz package: 'quartz.properties'
INFO  [2013-11-07 07:13:10,748] org.quartz.impl.StdSchedulerFactory: Quartz scheduler version: 2.2.0
INFO  [2013-11-07 07:13:10,748] org.quartz.core.QuartzScheduler: Scheduler DefaultQuartzScheduler_$_NON_CLUSTERED started.
INFO  [2013-11-07 07:13:10,752] de.spinscale.dropwizard.jobs.JobManager: Jobs to run on application start: []
INFO  [2013-11-07 07:13:10,753] de.spinscale.dropwizard.jobs.JobManager: Jobs with @Every annotation: [class edu.sjsu.cmpe.procurement.domain.EveryTestJob]
INFO  [2013-11-07 07:13:10,772] de.spinscale.dropwizard.jobs.JobManager: Jobs with @On annotation: []
INFO  [2013-11-07 07:13:10,790] org.eclipse.jetty.server.AbstractConnector: Started InstrumentedBlockingChannelConnector@0.0.0.0:8080
INFO  [2013-11-07 07:13:10,833] org.eclipse.jetty.server.AbstractConnector: Started SocketConnector@0.0.0.0:9000
INFO  [2013-11-07 07:13:37,754] org.eclipse.jetty.server.Server: Graceful shutdown SocketConnector@0.0.0.0:9000
INFO  [2013-11-07 07:13:37,754] org.eclipse.jetty.server.Server: Graceful shutdown InstrumentedBlockingChannelConnector@0.0.0.0:8080
INFO  [2013-11-07 07:13:37,757] org.eclipse.jetty.server.Server: Graceful shutdown o.e.j.s.ServletContextHandler{/,null}
INFO  [2013-11-07 07:13:37,757] org.eclipse.jetty.server.Server: Graceful shutdown o.e.j.s.ServletContextHandler{/,file:/Users/malik/Documents/Projects/Git/cmpe273-assignment2/procurement-service/target/classes/}
INFO  [2013-11-07 07:13:39,811] org.eclipse.jetty.server.handler.ContextHandler: stopped o.e.j.s.ServletContextHandler{/,file:/Users/malik/Documents/Projects/Git/cmpe273-assignment2/procurement-service/target/classes/}
INFO  [2013-11-07 07:13:39,811] org.eclipse.jetty.server.handler.ContextHandler: stopped o.e.j.s.ServletContextHandler{/,null}
INFO  [2013-11-07 07:13:39,912] org.quartz.core.QuartzScheduler: Scheduler DefaultQuartzScheduler_$_NON_CLUSTERED shutting down.
INFO  [2013-11-07 07:13:39,912] org.quartz.core.QuartzScheduler: Scheduler DefaultQuartzScheduler_$_NON_CLUSTERED paused.
INFO  [2013-11-07 07:13:40,262] org.quartz.core.QuartzScheduler: Scheduler DefaultQuartzScheduler_$_NON_CLUSTERED shutdown complete.
INFO  [2013-11-07 07:14:13,595] org.reflections.Reflections: Reflections took 55 ms to scan 1 urls, producing 2 keys and 2 values 
DEBUG [2013-11-07 07:14:13,598] edu.sjsu.cmpe.procurement.ProcurementService: 04607
DEBUG [2013-11-07 07:14:13,598] edu.sjsu.cmpe.procurement.ProcurementService: 04607
WARN  [2013-11-07 07:14:13,611] com.yammer.dropwizard.config.ServerFactory: 
!!!!!!!!!!!!!!!!!!!!!!!!!!!!!!!!!!!!!!!!!!!!!!!!!!!!!!!!!!!!!!!!!!!!!!!!!!!!!!!!
!!!!!!!!!!!!!!!!!!!!!!!!!!!!!!!!!!!!!!!!!!!!!!!!!!!!!!!!!!!!!!!!!!!!!!!!!!!!!!!!
!    THIS SERVICE HAS NO HEALTHCHECKS. THIS MEANS YOU WILL NEVER KNOW IF IT    !
!    DIES IN PRODUCTION, WHICH MEANS YOU WILL NEVER KNOW IF YOU'RE LETTING     !
!     YOUR USERS DOWN. YOU SHOULD ADD A HEALTHCHECK FOR EACH DEPENDENCY OF     !
!     YOUR SERVICE WHICH FULLY (BUT LIGHTLY) TESTS YOUR SERVICE'S ABILITY TO   !
!      USE THAT SERVICE. THINK OF IT AS A CONTINUOUS INTEGRATION TEST.         !
!!!!!!!!!!!!!!!!!!!!!!!!!!!!!!!!!!!!!!!!!!!!!!!!!!!!!!!!!!!!!!!!!!!!!!!!!!!!!!!!
!!!!!!!!!!!!!!!!!!!!!!!!!!!!!!!!!!!!!!!!!!!!!!!!!!!!!!!!!!!!!!!!!!!!!!!!!!!!!!!!
INFO  [2013-11-07 07:14:13,687] com.yammer.dropwizard.cli.ServerCommand: Starting procurement-service
INFO  [2013-11-07 07:14:13,689] org.eclipse.jetty.server.Server: jetty-8.1.10.v20130312
INFO  [2013-11-07 07:14:13,813] com.sun.jersey.server.impl.application.WebApplicationImpl: Initiating Jersey application, version 'Jersey: 1.17.1 02/28/2013 12:47 PM'
INFO  [2013-11-07 07:14:13,870] com.yammer.dropwizard.config.Environment: The following paths were found for the configured resources:


INFO  [2013-11-07 07:14:13,870] com.yammer.dropwizard.config.Environment: tasks = 

    POST    /tasks/gc (com.yammer.dropwizard.tasks.GarbageCollectionTask)

ERROR [2013-11-07 07:14:14,052] com.sun.jersey.server.impl.application.RootResourceUriRules: The ResourceConfig instance does not contain any root resource classes.
WARN  [2013-11-07 07:14:14,058] /: unavailable
! com.sun.jersey.api.container.ContainerException: The ResourceConfig instance does not contain any root resource classes.
! at com.sun.jersey.server.impl.application.RootResourceUriRules.<init>(RootResourceUriRules.java:99) ~[jersey-server-1.17.1.jar:1.17.1]
! at com.sun.jersey.server.impl.application.WebApplicationImpl._initiate(WebApplicationImpl.java:1331) ~[jersey-server-1.17.1.jar:1.17.1]
! at com.sun.jersey.server.impl.application.WebApplicationImpl.access$700(WebApplicationImpl.java:168) ~[jersey-server-1.17.1.jar:1.17.1]
! at com.sun.jersey.server.impl.application.WebApplicationImpl$13.f(WebApplicationImpl.java:774) ~[jersey-server-1.17.1.jar:1.17.1]
! at com.sun.jersey.server.impl.application.WebApplicationImpl$13.f(WebApplicationImpl.java:770) ~[jersey-server-1.17.1.jar:1.17.1]
! at com.sun.jersey.spi.inject.Errors.processWithErrors(Errors.java:193) ~[jersey-core-1.17.1.jar:1.17.1]
! at com.sun.jersey.server.impl.application.WebApplicationImpl.initiate(WebApplicationImpl.java:770) ~[jersey-server-1.17.1.jar:1.17.1]
! at com.sun.jersey.server.impl.application.WebApplicationImpl.initiate(WebApplicationImpl.java:765) ~[jersey-server-1.17.1.jar:1.17.1]
! at com.sun.jersey.spi.container.servlet.ServletContainer.initiate(ServletContainer.java:489) ~[jersey-servlet-1.17.1.jar:1.17.1]
! at com.sun.jersey.spi.container.servlet.ServletContainer$InternalWebComponent.initiate(ServletContainer.java:319) ~[jersey-servlet-1.17.1.jar:1.17.1]
! at com.sun.jersey.spi.container.servlet.WebComponent.load(WebComponent.java:605) ~[jersey-servlet-1.17.1.jar:1.17.1]
! at com.sun.jersey.spi.container.servlet.WebComponent.init(WebComponent.java:210) ~[jersey-servlet-1.17.1.jar:1.17.1]
! at com.sun.jersey.spi.container.servlet.ServletContainer.init(ServletContainer.java:374) ~[jersey-servlet-1.17.1.jar:1.17.1]
! at com.sun.jersey.spi.container.servlet.ServletContainer.init(ServletContainer.java:557) ~[jersey-servlet-1.17.1.jar:1.17.1]
! at javax.servlet.GenericServlet.init(GenericServlet.java:244) ~[javax.servlet-3.0.0.v201112011016.jar:na]
! at org.eclipse.jetty.servlet.ServletHolder.initServlet(ServletHolder.java:519) ~[jetty-servlet-8.1.10.v20130312.jar:8.1.10.v20130312]
! at org.eclipse.jetty.servlet.ServletHolder.doStart(ServletHolder.java:331) ~[jetty-servlet-8.1.10.v20130312.jar:8.1.10.v20130312]
! at org.eclipse.jetty.util.component.AbstractLifeCycle.start(AbstractLifeCycle.java:64) ~[jetty-util-8.1.10.v20130312.jar:8.1.10.v20130312]
! at org.eclipse.jetty.servlet.ServletHandler.initialize(ServletHandler.java:742) ~[jetty-servlet-8.1.10.v20130312.jar:8.1.10.v20130312]
! at org.eclipse.jetty.servlet.ServletContextHandler.startContext(ServletContextHandler.java:265) ~[jetty-servlet-8.1.10.v20130312.jar:8.1.10.v20130312]
! at org.eclipse.jetty.server.handler.ContextHandler.doStart(ContextHandler.java:710) ~[jetty-server-8.1.10.v20130312.jar:8.1.10.v20130312]
! at org.eclipse.jetty.util.component.AbstractLifeCycle.start(AbstractLifeCycle.java:64) ~[jetty-util-8.1.10.v20130312.jar:8.1.10.v20130312]
! at org.eclipse.jetty.server.handler.HandlerWrapper.doStart(HandlerWrapper.java:95) ~[jetty-server-8.1.10.v20130312.jar:8.1.10.v20130312]
! at org.eclipse.jetty.util.component.AbstractLifeCycle.start(AbstractLifeCycle.java:64) ~[jetty-util-8.1.10.v20130312.jar:8.1.10.v20130312]
! at org.eclipse.jetty.server.handler.HandlerWrapper.doStart(HandlerWrapper.java:95) ~[jetty-server-8.1.10.v20130312.jar:8.1.10.v20130312]
! at org.eclipse.jetty.util.component.AbstractLifeCycle.start(AbstractLifeCycle.java:64) ~[jetty-util-8.1.10.v20130312.jar:8.1.10.v20130312]
! at org.eclipse.jetty.server.handler.HandlerCollection.doStart(HandlerCollection.java:229) ~[jetty-server-8.1.10.v20130312.jar:8.1.10.v20130312]
! at org.eclipse.jetty.util.component.AbstractLifeCycle.start(AbstractLifeCycle.java:64) ~[jetty-util-8.1.10.v20130312.jar:8.1.10.v20130312]
! at org.eclipse.jetty.server.handler.HandlerWrapper.doStart(HandlerWrapper.java:95) ~[jetty-server-8.1.10.v20130312.jar:8.1.10.v20130312]
! at org.eclipse.jetty.server.Server.doStart(Server.java:280) ~[jetty-server-8.1.10.v20130312.jar:8.1.10.v20130312]
! at org.eclipse.jetty.util.component.AbstractLifeCycle.start(AbstractLifeCycle.java:64) ~[jetty-util-8.1.10.v20130312.jar:8.1.10.v20130312]
! at com.yammer.dropwizard.cli.ServerCommand.run(ServerCommand.java:48) ~[dropwizard-core-0.6.2.jar:na]
! at com.yammer.dropwizard.cli.EnvironmentCommand.run(EnvironmentCommand.java:39) ~[dropwizard-core-0.6.2.jar:na]
! at com.yammer.dropwizard.cli.ConfiguredCommand.run(ConfiguredCommand.java:58) ~[dropwizard-core-0.6.2.jar:na]
! at com.yammer.dropwizard.cli.Cli.run(Cli.java:53) ~[dropwizard-core-0.6.2.jar:na]
! at com.yammer.dropwizard.Service.run(Service.java:61) ~[dropwizard-core-0.6.2.jar:na]
! at edu.sjsu.cmpe.procurement.ProcurementService.main(ProcurementService.java:21) ~[classes/:na]
INFO  [2013-11-07 07:14:14,109] org.quartz.impl.StdSchedulerFactory: Using default implementation for ThreadExecutor
INFO  [2013-11-07 07:14:14,111] org.quartz.simpl.SimpleThreadPool: Job execution threads will use class loader of thread: main
INFO  [2013-11-07 07:14:14,128] org.quartz.core.SchedulerSignalerImpl: Initialized Scheduler Signaller of type: class org.quartz.core.SchedulerSignalerImpl
INFO  [2013-11-07 07:14:14,130] org.quartz.core.QuartzScheduler: Quartz Scheduler v.2.2.0 created.
INFO  [2013-11-07 07:14:14,131] org.quartz.simpl.RAMJobStore: RAMJobStore initialized.
INFO  [2013-11-07 07:14:14,132] org.quartz.core.QuartzScheduler: Scheduler meta-data: Quartz Scheduler (v2.2.0) 'DefaultQuartzScheduler' with instanceId 'NON_CLUSTERED'
  Scheduler class: 'org.quartz.core.QuartzScheduler' - running locally.
  NOT STARTED.
  Currently in standby mode.
  Number of jobs executed: 0
  Using thread pool 'org.quartz.simpl.SimpleThreadPool' - with 10 threads.
  Using job-store 'org.quartz.simpl.RAMJobStore' - which does not support persistence. and is not clustered.

INFO  [2013-11-07 07:14:14,132] org.quartz.impl.StdSchedulerFactory: Quartz scheduler 'DefaultQuartzScheduler' initialized from default resource file in Quartz package: 'quartz.properties'
INFO  [2013-11-07 07:14:14,132] org.quartz.impl.StdSchedulerFactory: Quartz scheduler version: 2.2.0
INFO  [2013-11-07 07:14:14,133] org.quartz.core.QuartzScheduler: Scheduler DefaultQuartzScheduler_$_NON_CLUSTERED started.
INFO  [2013-11-07 07:14:14,136] de.spinscale.dropwizard.jobs.JobManager: Jobs to run on application start: []
INFO  [2013-11-07 07:14:14,137] de.spinscale.dropwizard.jobs.JobManager: Jobs with @Every annotation: [class edu.sjsu.cmpe.procurement.domain.EveryTestJob]
INFO  [2013-11-07 07:14:14,157] de.spinscale.dropwizard.jobs.JobManager: Jobs with @On annotation: []
INFO  [2013-11-07 07:14:14,198] org.eclipse.jetty.server.AbstractConnector: Started InstrumentedBlockingChannelConnector@0.0.0.0:8080
INFO  [2013-11-07 07:14:14,232] org.eclipse.jetty.server.AbstractConnector: Started SocketConnector@0.0.0.0:9000
INFO  [2013-11-07 07:14:34,970] org.eclipse.jetty.server.Server: Graceful shutdown SocketConnector@0.0.0.0:9000
INFO  [2013-11-07 07:14:34,970] org.eclipse.jetty.server.Server: Graceful shutdown InstrumentedBlockingChannelConnector@0.0.0.0:8080
INFO  [2013-11-07 07:14:34,971] org.eclipse.jetty.server.Server: Graceful shutdown o.e.j.s.ServletContextHandler{/,null}
INFO  [2013-11-07 07:14:34,971] org.eclipse.jetty.server.Server: Graceful shutdown o.e.j.s.ServletContextHandler{/,file:/Users/malik/Documents/Projects/Git/cmpe273-assignment2/procurement-service/target/classes/}
INFO  [2013-11-07 07:14:37,023] org.eclipse.jetty.server.handler.ContextHandler: stopped o.e.j.s.ServletContextHandler{/,file:/Users/malik/Documents/Projects/Git/cmpe273-assignment2/procurement-service/target/classes/}
INFO  [2013-11-07 07:14:37,023] org.eclipse.jetty.server.handler.ContextHandler: stopped o.e.j.s.ServletContextHandler{/,null}
INFO  [2013-11-07 07:14:37,125] org.quartz.core.QuartzScheduler: Scheduler DefaultQuartzScheduler_$_NON_CLUSTERED shutting down.
INFO  [2013-11-07 07:14:37,125] org.quartz.core.QuartzScheduler: Scheduler DefaultQuartzScheduler_$_NON_CLUSTERED paused.
INFO  [2013-11-07 07:14:37,294] org.quartz.core.QuartzScheduler: Scheduler DefaultQuartzScheduler_$_NON_CLUSTERED shutdown complete.
